[0m23:47:42.767203 [debug] [MainThread]: Sending event: {'category': 'dbt', 'action': 'invocation', 'label': 'start', 'context': [<snowplow_tracker.self_describing_json.SelfDescribingJson object at 0x10b2b2f90>, <snowplow_tracker.self_describing_json.SelfDescribingJson object at 0x10c863750>, <snowplow_tracker.self_describing_json.SelfDescribingJson object at 0x10c863890>]}


============================== 23:47:42.775650 | e205034b-2e92-4e12-914a-7940dfa2f571 ==============================
[0m23:47:42.775650 [info ] [MainThread]: Running with dbt=1.11.2
[0m23:47:42.776588 [debug] [MainThread]: running dbt with arguments {'use_experimental_parser': 'False', 'printer_width': '80', 'target_path': 'None', 'indirect_selection': 'eager', 'version_check': 'True', 'quiet': 'False', 'empty': 'None', 'introspect': 'True', 'warn_error_options': 'WarnErrorOptionsV2(error=[], warn=[], silence=[])', 'static_parser': 'True', 'no_print': 'None', 'cache_selected_only': 'False', 'log_format': 'default', 'use_colors': 'True', 'write_json': 'True', 'send_anonymous_usage_stats': 'True', 'invocation_command': 'dbt init', 'log_path': 'logs', 'debug': 'False', 'warn_error': 'None', 'fail_fast': 'False', 'partial_parse': 'True', 'log_cache_events': 'False', 'profiles_dir': '/Users/test/.dbt'}
[0m23:48:00.624219 [debug] [MainThread]: Starter project path: /opt/anaconda3/lib/python3.13/site-packages/dbt/include/starter_project
[0m23:48:00.636451 [info ] [MainThread]: 
Your new dbt project "custom_postgres" was created!

For more information on how to configure the profiles.yml file,
please consult the dbt documentation here:

  https://docs.getdbt.com/docs/configure-your-profile

One more thing:

Need help? Don't hesitate to reach out to us via GitHub issues or on Slack:

  https://community.getdbt.com/

Happy modeling!

[0m23:48:00.637156 [info ] [MainThread]: Setting up your profile.
[0m23:52:14.854218 [info ] [MainThread]: Profile custom_postgres written to /Users/test/.dbt/profiles.yml using target's profile_template.yml and your supplied values. Run 'dbt debug' to validate the connection.
[0m23:52:14.863160 [debug] [MainThread]: Resource report: {"command_name": "init", "command_success": true, "command_wall_clock_time": 272.21518, "process_in_blocks": "0", "process_kernel_time": 0.579981, "process_mem_max_rss": "108441600", "process_out_blocks": "0", "process_user_time": 2.523902}
[0m23:52:14.864633 [debug] [MainThread]: Command `dbt init` succeeded at 23:52:14.864286 after 272.22 seconds
[0m23:52:14.865642 [debug] [MainThread]: Sending event: {'category': 'dbt', 'action': 'invocation', 'label': 'end', 'context': [<snowplow_tracker.self_describing_json.SelfDescribingJson object at 0x10c95e2c0>, <snowplow_tracker.self_describing_json.SelfDescribingJson object at 0x10b1c5eb0>, <snowplow_tracker.self_describing_json.SelfDescribingJson object at 0x10c922470>]}
[0m23:52:14.866629 [debug] [MainThread]: Flushing usage events
[0m23:52:15.647046 [debug] [MainThread]: An error was encountered while trying to flush usage events
